2019-02-09 14:22:19 INFO  Login:24 - ++addUserToDtabase()
2019-02-09 14:22:19 DEBUG Login:61 - ++convertStringToCharArrayJava8()
2019-02-09 14:22:19 DEBUG Login:30 - ++convertCharToString()
2019-02-09 14:22:19 INFO  Login:29 - ++retrieveUserFromDtabase()
2019-02-09 14:22:19 INFO  Login:20 - Password String: [p, a, s, s, w, d]
2019-02-09 14:22:19 INFO  Login:21 - Password Character Array 1: [Ljava.lang.Character;@64485a47
2019-02-09 14:22:19 INFO  Login:22 - Password Character Array 2: [p, a, s, s, w, d]
2019-02-09 14:22:19 INFO  Login:23 - Password char Array 1: [C@25bbf683
2019-02-09 14:22:19 INFO  Login:34 - ++validateCredentialsUserFromDtabase()
2019-02-09 14:22:19 DEBUG Login:61 - ++convertStringToCharArrayJava8()
2019-02-09 14:22:19 INFO  Login:40 - ++validateCredentialsUserFromDtabase(): Login Successful 
2019-02-09 14:22:19 INFO  Login:24 - Correct Password: Should pass test: [Ljava.lang.Character;@6ec8211c
2019-02-09 14:22:19 INFO  Login:34 - ++validateCredentialsUserFromDtabase()
2019-02-09 14:22:19 DEBUG Login:61 - ++convertStringToCharArrayJava8()
2019-02-09 14:22:19 INFO  Login:43 - ++validateCredentialsUserFromDtabase(): Login Failure 
2019-02-09 14:22:19 INFO  Login:25 - Incorrect Password: Should fail test: [Ljava.lang.Character;@6ec8211c
2019-02-09 14:46:46 INFO  Login:24 - ++addUserToDtabase()
2019-02-09 14:46:46 DEBUG Login:61 - ++convertStringToCharArrayJava8()
2019-02-09 14:46:46 DEBUG Login:32 - ++convertCharToString()
2019-02-09 14:46:46 INFO  Login:29 - ++retrieveUserFromDtabase()
2019-02-09 14:46:46 INFO  Login:20 - Password String: [p, a, s, s, w, d]
2019-02-09 14:46:46 INFO  Login:21 - Password Character Array 1: [Ljava.lang.Character;@64485a47
2019-02-09 14:46:46 INFO  Login:22 - Password Character Array 2: [p, a, s, s, w, d]
2019-02-09 14:46:46 INFO  Login:23 - Password char Array 1: [C@25bbf683
2019-02-09 14:46:46 INFO  Login:34 - ++validateCredentialsUserFromDtabase()
2019-02-09 14:46:46 DEBUG Login:61 - ++convertStringToCharArrayJava8()
2019-02-09 14:46:46 INFO  Login:40 - ++validateCredentialsUserFromDtabase(): Login Successful 
2019-02-09 14:46:46 INFO  Login:24 - Correct Password: Should pass test: [Ljava.lang.Character;@6ec8211c
2019-02-09 14:46:46 INFO  Login:34 - ++validateCredentialsUserFromDtabase()
2019-02-09 14:46:46 DEBUG Login:61 - ++convertStringToCharArrayJava8()
2019-02-09 14:46:46 INFO  Login:43 - ++validateCredentialsUserFromDtabase(): Login Failure 
2019-02-09 14:46:46 INFO  Login:25 - Incorrect Password: Should fail test: [Ljava.lang.Character;@6ec8211c
2019-02-09 14:46:46 DEBUG Login:46 - ++tesNewUserWithMessaging()
2019-02-09 14:46:46 INFO  Login:24 - ++addUserToDtabase()
2019-02-09 14:46:46 DEBUG Login:61 - ++convertStringToCharArrayJava8()
2019-02-09 14:46:46 DEBUG Login:90 - ++sendUsersMessages()
2019-02-09 14:46:46 DEBUG Login:105 - ++keyExists()
2019-02-09 14:48:15 INFO  Login:24 - ++addUserToDtabase()
2019-02-09 14:48:15 DEBUG Login:61 - ++convertStringToCharArrayJava8()
2019-02-09 14:48:15 DEBUG Login:32 - ++convertCharToString()
2019-02-09 14:48:15 INFO  Login:29 - ++retrieveUserFromDtabase()
2019-02-09 14:48:15 INFO  Login:20 - Password String: [p, a, s, s, w, d]
2019-02-09 14:48:15 INFO  Login:21 - Password Character Array 1: [Ljava.lang.Character;@64485a47
2019-02-09 14:48:15 INFO  Login:22 - Password Character Array 2: [p, a, s, s, w, d]
2019-02-09 14:48:15 INFO  Login:23 - Password char Array 1: [C@25bbf683
2019-02-09 14:48:15 INFO  Login:34 - ++validateCredentialsUserFromDtabase()
2019-02-09 14:48:15 DEBUG Login:61 - ++convertStringToCharArrayJava8()
2019-02-09 14:48:15 INFO  Login:40 - ++validateCredentialsUserFromDtabase(): Login Successful 
2019-02-09 14:48:15 INFO  Login:24 - Correct Password: Should pass test: [Ljava.lang.Character;@6ec8211c
2019-02-09 14:48:15 INFO  Login:34 - ++validateCredentialsUserFromDtabase()
2019-02-09 14:48:15 DEBUG Login:61 - ++convertStringToCharArrayJava8()
2019-02-09 14:48:15 INFO  Login:43 - ++validateCredentialsUserFromDtabase(): Login Failure 
2019-02-09 14:48:15 INFO  Login:25 - Incorrect Password: Should fail test: [Ljava.lang.Character;@6ec8211c
2019-02-09 14:48:15 DEBUG Login:46 - ++tesNewUserWithMessaging()
2019-02-09 14:48:15 INFO  Login:24 - ++addUserToDtabase()
2019-02-09 14:48:15 DEBUG Login:61 - ++convertStringToCharArrayJava8()
2019-02-09 14:48:15 DEBUG Login:90 - ++sendUsersMessages()
2019-02-09 14:48:15 DEBUG Login:105 - ++keyExists()
2019-02-09 14:51:20 INFO  Login:25 - ++addUserToDtabase()
2019-02-09 14:51:20 DEBUG Login:62 - ++convertStringToCharArrayJava8()
2019-02-09 14:51:20 DEBUG Login:32 - ++convertCharToString()
2019-02-09 14:51:20 INFO  Login:30 - ++retrieveUserFromDtabase()
2019-02-09 14:51:20 INFO  Login:20 - Password String: [p, a, s, s, w, d]
2019-02-09 14:51:20 INFO  Login:21 - Password Character Array 1: [Ljava.lang.Character;@64485a47
2019-02-09 14:51:20 INFO  Login:22 - Password Character Array 2: [p, a, s, s, w, d]
2019-02-09 14:51:20 INFO  Login:23 - Password char Array 1: [C@25bbf683
2019-02-09 14:51:20 INFO  Login:35 - ++validateCredentialsUserFromDtabase()
2019-02-09 14:51:20 DEBUG Login:62 - ++convertStringToCharArrayJava8()
2019-02-09 14:51:20 INFO  Login:41 - ++validateCredentialsUserFromDtabase(): Login Successful 
2019-02-09 14:51:20 INFO  Login:24 - Correct Password: Should pass test: [Ljava.lang.Character;@6ec8211c
2019-02-09 14:51:20 INFO  Login:35 - ++validateCredentialsUserFromDtabase()
2019-02-09 14:51:20 DEBUG Login:62 - ++convertStringToCharArrayJava8()
2019-02-09 14:51:20 INFO  Login:44 - ++validateCredentialsUserFromDtabase(): Login Failure 
2019-02-09 14:51:20 INFO  Login:25 - Incorrect Password: Should fail test: [Ljava.lang.Character;@6ec8211c
2019-02-09 14:51:20 DEBUG Login:46 - ++tesNewUserWithMessaging()
2019-02-09 14:51:20 INFO  Login:25 - ++addUserToDtabase()
2019-02-09 14:51:20 DEBUG Login:62 - ++convertStringToCharArrayJava8()
2019-02-09 14:51:20 DEBUG Login:91 - ++sendUsersMessages()
2019-02-09 14:51:20 DEBUG Login:106 - ++keyExists()
2019-02-09 14:51:20 DEBUG Login:97 - ++sendUsersMessages()
2019-02-09 14:51:20 DEBUG Login:121 - ++createNewList()
2019-02-09 14:51:20 DEBUG Login:116 - ++addMessageToUsersList()
2019-02-09 14:51:20 DEBUG Login:126 - ++createNewUserMessages()
2019-02-09 14:51:20 DEBUG Login:102 - --sendUsersMessages()
2019-02-09 14:51:20 DEBUG Login:91 - ++sendUsersMessages()
2019-02-09 14:51:20 DEBUG Login:106 - ++keyExists()
2019-02-09 14:51:20 DEBUG Login:93 - ++sendUsersMessages()
2019-02-09 14:51:20 DEBUG Login:111 - ++grabListOfMessagesBelongingTo()
2019-02-09 14:51:20 DEBUG Login:116 - ++addMessageToUsersList()
2019-02-09 14:51:20 DEBUG Login:102 - --sendUsersMessages()
2019-02-09 14:51:20 DEBUG Login:91 - ++sendUsersMessages()
2019-02-09 14:51:20 DEBUG Login:106 - ++keyExists()
2019-02-09 14:51:20 DEBUG Login:93 - ++sendUsersMessages()
2019-02-09 14:51:20 DEBUG Login:111 - ++grabListOfMessagesBelongingTo()
2019-02-09 14:51:20 DEBUG Login:116 - ++addMessageToUsersList()
2019-02-09 14:51:20 DEBUG Login:102 - --sendUsersMessages()
2019-02-09 14:51:20 DEBUG Login:56 - ++tesNewUserWithMessaging() - MAP: 
2019-02-09 14:51:20 DEBUG Login:84 - ++printMaoOfUsersMessages()
2019-02-09 14:51:20 DEBUG Login:106 - ++keyExists()
2019-02-09 14:51:20 DEBUG Login:59 - ++tesNewUserWithMessaging() - LIST: 
2019-02-09 14:51:20 DEBUG Login:77 - ++printListOfUsersMessages()
2019-02-09 14:51:20 DEBUG Login:106 - ++keyExists()
